<?xml version="1.0" encoding="UTF-8"?>
<!-- Generated by org.testng.reporters.JUnitReportReporter -->
<testsuite skipped="0" hostname="LAPTOP-3M2SMPJP" name="org.bbc.IncludeEX" tests="2" failures="0" timestamp="20 Feb 2023 14:02:39 GMT" time="0.044" errors="0">
  <testcase name="test2" time="0.037" classname="org.bbc.IncludeEX"/>
  <testcase name="test3" time="0.007" classname="org.bbc.IncludeEX"/>
</testsuite> <!-- org.bbc.IncludeEX -->
