<?xml version="1.0" encoding="UTF-8"?>
<!-- Generated by org.testng.reporters.JUnitReportReporter -->
<testsuite skipped="0" hostname="LAPTOP-3M2SMPJP" name="org.bbc.IncludeEx1" tests="2" failures="0" timestamp="20 Feb 2023 14:02:39 GMT" time="0.011" errors="0">
  <testcase name="test13" time="0.006" classname="org.bbc.IncludeEx1"/>
  <testcase name="test14" time="0.005" classname="org.bbc.IncludeEx1"/>
</testsuite> <!-- org.bbc.IncludeEx1 -->
