<?xml version="1.0" encoding="UTF-8"?>
<!-- Generated by org.testng.reporters.JUnitReportReporter -->
<testsuite skipped="0" hostname="LAPTOP-3M2SMPJP" name="org.bbc.JavaA" tests="7" failures="0" timestamp="20 Feb 2023 05:12:16 GMT" time="0.441" errors="0">
  <testcase name="test1" time="0.063" classname="org.bbc.JavaA"/>
  <testcase name="test5" time="0.063" classname="org.bbc.JavaA"/>
  <testcase name="test6" time="0.063" classname="org.bbc.JavaA"/>
  <testcase name="test7" time="0.063" classname="org.bbc.JavaA"/>
  <testcase name="test2" time="0.063" classname="org.bbc.JavaA"/>
  <testcase name="test4" time="0.063" classname="org.bbc.JavaA"/>
  <testcase name="test3" time="0.063" classname="org.bbc.JavaA"/>
</testsuite> <!-- org.bbc.JavaA -->
