<?xml version="1.0" encoding="UTF-8"?>
<!-- Generated by org.testng.reporters.JUnitReportReporter -->
<testsuite skipped="0" hostname="LAPTOP-3M2SMPJP" name="org.bbc.TestNg" tests="3" failures="0" timestamp="13 Feb 2023 07:00:46 GMT" time="0.030" errors="0">
  <testcase name="add" time="0.012" classname="org.bbc.TestNg"/>
  <testcase name="test1" time="0.016" classname="org.bbc.TestNg"/>
  <testcase name="test2" time="0.002" classname="org.bbc.TestNg"/>
</testsuite> <!-- org.bbc.TestNg -->
