<?xml version="1.0" encoding="UTF-8"?>
<!-- Generated by org.testng.reporters.JUnitReportReporter -->
<testsuite skipped="0" hostname="LAPTOP-3M2SMPJP" name="org.bbc.JavaB" tests="1" failures="0" timestamp="15 Feb 2023 13:42:02 GMT" time="34.393" errors="0">
  <testcase name="test1" time="34.393" classname="org.bbc.JavaB"/>
</testsuite> <!-- org.bbc.JavaB -->
