<?xml version="1.0" encoding="UTF-8"?>
<!-- Generated by org.testng.reporters.JUnitReportReporter -->
<testsuite skipped="0" hostname="LAPTOP-3M2SMPJP" name="org.bbc.JavaC" tests="4" failures="0" timestamp="15 Feb 2023 06:47:53 GMT" time="0.000" errors="0">
  <testcase name="test11" time="0.000" classname="org.bbc.JavaC"/>
  <testcase name="test14" time="0.000" classname="org.bbc.JavaC"/>
  <testcase name="test12" time="0.000" classname="org.bbc.JavaC"/>
  <testcase name="test13" time="0.000" classname="org.bbc.JavaC"/>
</testsuite> <!-- org.bbc.JavaC -->
