<?xml version="1.0" encoding="UTF-8"?>
<!-- Generated by org.testng.reporters.JUnitReportReporter -->
<testsuite skipped="1" hostname="LAPTOP-3M2SMPJP" name="org.bbc.PriorityTestNg" tests="11" failures="0" timestamp="13 Feb 2023 07:59:17 GMT" time="0.139" errors="0">
  <testcase name="test1" time="0.039" classname="org.bbc.PriorityTestNg"/>
  <testcase name="test5" time="0.011" classname="org.bbc.PriorityTestNg"/>
  <testcase name="test6" time="0.012" classname="org.bbc.PriorityTestNg"/>
  <testcase name="test6" time="0.000" classname="org.bbc.PriorityTestNg"/>
  <testcase name="test6" time="0.018" classname="org.bbc.PriorityTestNg"/>
  <testcase name="test6" time="0.031" classname="org.bbc.PriorityTestNg"/>
  <testcase name="test6" time="0.008" classname="org.bbc.PriorityTestNg"/>
  <testcase name="test3" time="0.012" classname="org.bbc.PriorityTestNg"/>
  <testcase name="test2" time="0.008" classname="org.bbc.PriorityTestNg"/>
  <testcase name="test7" time="0.000" classname="org.bbc.PriorityTestNg"/>
  <testcase name="test4" classname="org.bbc.PriorityTestNg">
    <skipped/>
  </testcase> <!-- test4 -->
</testsuite> <!-- org.bbc.PriorityTestNg -->
