<?xml version="1.0" encoding="UTF-8"?>
<!-- Generated by org.testng.reporters.JUnitReportReporter -->
<testsuite skipped="0" hostname="LAPTOP-3M2SMPJP" name="org.bbc.DataProviderB" tests="3" failures="0" timestamp="19 Feb 2023 04:09:25 GMT" time="91.846" errors="0">
  <testcase name="test" time="15.672" classname="org.bbc.DataProviderB"/>
  <testcase name="test" time="54.681" classname="org.bbc.DataProviderB"/>
  <testcase name="test" time="21.493" classname="org.bbc.DataProviderB"/>
</testsuite> <!-- org.bbc.DataProviderB -->
